<?xml version="1.0" encoding="UTF-8"?>
<!-- Generated by org.testng.reporters.JUnitXMLReporter -->
<testsuite ignored="0" hostname="HASSEN-HP" failures="0" tests="5" name="Default test" time="1.397" errors="0" timestamp="2022-08-29T17:47:30 EDT">
  <testcase classname="com.tmb.dataprovider.DataProviderAdvanced" name="test1" time="0.012"/>
  <testcase classname="com.tmb.dataprovider.DataProviderAdvanced" name="test1" time="0.002"/>
  <testcase classname="com.tmb.dataprovider.DataProviderAdvanced" name="test1" time="0.002"/>
  <testcase classname="com.tmb.dataprovider.DataProviderAdvanced" name="test2" time="0.003"/>
  <testcase classname="com.tmb.dataprovider.DataProviderAdvanced" name="test2" time="0.001"/>
</testsuite> <!-- Default test -->
